<?xml version="1.0" encoding="UTF-8"?>
<!-- Generated by org.testng.reporters.JUnitReportReporter -->
<testsuite hostname="Soham" failures="0" tests="1" name="demo.SubmitInquiry_TestNG" time="3.595" errors="0" timestamp="2025-01-28T22:35:09 IST" skipped="0">
  <testcase classname="demo.SubmitInquiry_TestNG" name="submitInquiry_TestNG" time="3.595"/>
</testsuite> <!-- demo.SubmitInquiry_TestNG -->
