<?xml version="1.0" encoding="UTF-8"?>
<!-- Generated by org.testng.reporters.JUnitReportReporter -->
<testsuite hostname="Soham" failures="0" tests="3" name="demo.TestNGDemo" time="0.010" errors="0" timestamp="2025-01-28T22:40:41 IST" skipped="0">
  <testcase classname="demo.TestNGDemo" name="kk" time="0.008"/>
  <testcase classname="demo.TestNGDemo" name="open" time="0.001"/>
  <testcase classname="demo.TestNGDemo" name="login" time="0.001"/>
</testsuite> <!-- demo.TestNGDemo -->
